# JRE version: OpenJDK Runtime Environment (11.0.10) (build 11.0.10+0-b96-7249189)
# Java VM: OpenJDK 64-Bit Server VM (11.0.10+0-b96-7249189, mixed mode, tiered, compressed oops, g1 gc, linux-amd64)
Heap:
 garbage-first heap   total 387072K, used 249126K [0x0000000080000000, 0x0000000100000000)
  region size 1024K, 42 young (43008K), 9 survivors (9216K)
 Metaspace       used 162342K, capacity 167540K, committed 167808K, reserved 1196032K
  class space    used 19644K, capacity 21571K, committed 21632K, reserved 1048576K
GC Heap History (20 events):
Event: 1160,379 GC heap before
{Heap before GC invocations=121 (full 0):
 garbage-first heap   total 387072K, used 281830K [0x0000000080000000, 0x0000000100000000)
  region size 1024K, 92 young (94208K), 6 survivors (6144K)
 Metaspace       used 148220K, capacity 152575K, committed 156032K, reserved 1185792K
  class space    used 17954K, capacity 19517K, committed 20608K, reserved 1048576K
}
Event: 1160,466 GC heap after
{Heap after GC invocations=122 (full 0):
 garbage-first heap   total 387072K, used 187726K [0x0000000080000000, 0x0000000100000000)
  region size 1024K, 12 young (12288K), 12 survivors (12288K)
 Metaspace       used 148220K, capacity 152575K, committed 156032K, reserved 1185792K
  class space    used 17954K, capacity 19517K, committed 20608K, reserved 1048576K
}
Event: 1160,554 GC heap before
{Heap before GC invocations=122 (full 0):
 garbage-first heap   total 387072K, used 193870K [0x0000000080000000, 0x0000000100000000)
  region size 1024K, 18 young (18432K), 12 survivors (12288K)
 Metaspace       used 148257K, capacity 152639K, committed 156032K, reserved 1185792K
  class space    used 17954K, capacity 19517K, committed 20608K, reserved 1048576K
}
Event: 1160,641 GC heap after
{Heap after GC invocations=123 (full 0):
 garbage-first heap   total 387072K, used 174270K [0x0000000080000000, 0x0000000100000000)
  region size 1024K, 2 young (2048K), 2 survivors (2048K)
 Metaspace       used 148257K, capacity 152639K, committed 156032K, reserved 1185792K
  class space    used 17954K, capacity 19517K, committed 20608K, reserved 1048576K
}
Event: 1163,772 GC heap before
{Heap before GC invocations=123 (full 0):
 garbage-first heap   total 387072K, used 282814K [0x0000000080000000, 0x0000000100000000)
  region size 1024K, 108 young (110592K), 2 survivors (2048K)
 Metaspace       used 153850K, capacity 158610K, committed 159104K, reserved 1187840K
  class space    used 18672K, capacity 20361K, committed 20608K, reserved 1048576K
}
Event: 1163,825 GC heap after
{Heap after GC invocations=124 (full 0):
 garbage-first heap   total 387072K, used 180244K [0x0000000080000000, 0x0000000100000000)
  region size 1024K, 8 young (8192K), 8 survivors (8192K)
 Metaspace       used 153850K, capacity 158610K, committed 159104K, reserved 1187840K
  class space    used 18672K, capacity 20361K, committed 20608K, reserved 1048576K
}
Event: 1166,566 GC heap before
{Heap before GC invocations=125 (full 0):
 garbage-first heap   total 387072K, used 298004K [0x0000000080000000, 0x0000000100000000)
  region size 1024K, 124 young (126976K), 8 survivors (8192K)
 Metaspace       used 159052K, capacity 164005K, committed 164224K, reserved 1191936K
  class space    used 19244K, capacity 21039K, committed 21120K, reserved 1048576K
}
Event: 1166,663 GC heap after
{Heap after GC invocations=126 (full 0):
 garbage-first heap   total 387072K, used 188211K [0x0000000080000000, 0x0000000100000000)
  region size 1024K, 16 young (16384K), 16 survivors (16384K)
 Metaspace       used 159052K, capacity 164005K, committed 164224K, reserved 1191936K
  class space    used 19244K, capacity 21039K, committed 21120K, reserved 1048576K
}
Event: 1166,864 GC heap before
{Heap before GC invocations=126 (full 0):
 garbage-first heap   total 387072K, used 190259K [0x0000000080000000, 0x0000000100000000)
  region size 1024K, 18 young (18432K), 16 survivors (16384K)
 Metaspace       used 159092K, capacity 164023K, committed 164224K, reserved 1191936K
  class space    used 19250K, capacity 21045K, committed 21120K, reserved 1048576K
}
Event: 1166,960 GC heap after
{Heap after GC invocations=127 (full 0):
 garbage-first heap   total 387072K, used 176939K [0x0000000080000000, 0x0000000100000000)
  region size 1024K, 2 young (2048K), 2 survivors (2048K)
 Metaspace       used 159092K, capacity 164023K, committed 164224K, reserved 1191936K
  class space    used 19250K, capacity 21045K, committed 21120K, reserved 1048576K
}
Event: 1239,113 GC heap before
{Heap before GC invocations=127 (full 0):
 garbage-first heap   total 387072K, used 298795K [0x0000000080000000, 0x0000000100000000)
  region size 1024K, 122 young (124928K), 2 survivors (2048K)
 Metaspace       used 161922K, capacity 167066K, committed 167296K, reserved 1196032K
  class space    used 19623K, capacity 21511K, committed 21632K, reserved 1048576K
}
Event: 1239,273 GC heap after
{Heap after GC invocations=128 (full 0):
 garbage-first heap   total 387072K, used 185852K [0x0000000080000000, 0x0000000100000000)
  region size 1024K, 11 young (11264K), 11 survivors (11264K)
 Metaspace       used 161922K, capacity 167066K, committed 167296K, reserved 1196032K
  class space    used 19623K, capacity 21511K, committed 21632K, reserved 1048576K
}
Event: 2278,159 GC heap before
{Heap before GC invocations=129 (full 0):
 garbage-first heap   total 387072K, used 303612K [0x0000000080000000, 0x0000000100000000)
  region size 1024K, 127 young (130048K), 11 survivors (11264K)
 Metaspace       used 162131K, capacity 167332K, committed 167552K, reserved 1196032K
  class space    used 19620K, capacity 21526K, committed 21632K, reserved 1048576K
}
Event: 2278,343 GC heap after
{Heap after GC invocations=130 (full 0):
 garbage-first heap   total 387072K, used 184230K [0x0000000080000000, 0x0000000100000000)
  region size 1024K, 4 young (4096K), 4 survivors (4096K)
 Metaspace       used 162131K, capacity 167332K, committed 167552K, reserved 1196032K
  class space    used 19620K, capacity 21526K, committed 21632K, reserved 1048576K
}
Event: 2278,939 GC heap before
{Heap before GC invocations=130 (full 0):
 garbage-first heap   total 387072K, used 198566K [0x0000000080000000, 0x0000000100000000)
  region size 1024K, 18 young (18432K), 4 survivors (4096K)
 Metaspace       used 162163K, capacity 167333K, committed 167552K, reserved 1196032K
  class space    used 19620K, capacity 21526K, committed 21632K, reserved 1048576K
}
Event: 2279,202 GC heap after
{Heap after GC invocations=131 (full 0):
 garbage-first heap   total 387072K, used 183790K [0x0000000080000000, 0x0000000100000000)
  region size 1024K, 3 young (3072K), 3 survivors (3072K)
 Metaspace       used 162163K, capacity 167333K, committed 167552K, reserved 1196032K
  class space    used 19620K, capacity 21526K, committed 21632K, reserved 1048576K
}
Event: 2280,406 GC heap before
{Heap before GC invocations=131 (full 0):
 garbage-first heap   total 387072K, used 225774K [0x0000000080000000, 0x0000000100000000)
  region size 1024K, 46 young (47104K), 3 survivors (3072K)
 Metaspace       used 162302K, capacity 167476K, committed 167552K, reserved 1196032K
  class space    used 19644K, capacity 21571K, committed 21632K, reserved 1048576K
}
Event: 2280,467 GC heap after
{Heap after GC invocations=132 (full 0):
 garbage-first heap   total 387072K, used 186703K [0x0000000080000000, 0x0000000100000000)
  region size 1024K, 6 young (6144K), 6 survivors (6144K)
 Metaspace       used 162302K, capacity 167476K, committed 167552K, reserved 1196032K
  class space    used 19644K, capacity 21571K, committed 21632K, reserved 1048576K
}
Event: 2281,641 GC heap before
{Heap before GC invocations=132 (full 0):
 garbage-first heap   total 387072K, used 256335K [0x0000000080000000, 0x0000000100000000)
  region size 1024K, 70 young (71680K), 6 survivors (6144K)
 Metaspace       used 162336K, capacity 167540K, committed 167808K, reserved 1196032K
  class space    used 19644K, capacity 21571K, committed 21632K, reserved 1048576K
}
Event: 2281,826 GC heap after
{Heap after GC invocations=133 (full 0):
 garbage-first heap   total 387072K, used 202022K [0x0000000080000000, 0x0000000100000000)
  region size 1024K, 9 young (9216K), 9 survivors (9216K)
 Metaspace       used 162336K, capacity 167540K, committed 167808K, reserved 1196032K
  class space    used 19644K, capacity 21571K, committed 21632K, reserved 1048576K
}

