# JRE version: OpenJDK Runtime Environment (11.0.10) (build 11.0.10+0-b96-7249189)
# Java VM: OpenJDK 64-Bit Server VM (11.0.10+0-b96-7249189, mixed mode, tiered, compressed oops, g1 gc, linux-amd64)
Heap:
 garbage-first heap   total 380928K, used 204892K [0x0000000080000000, 0x0000000100000000)
  region size 1024K, 41 young (41984K), 3 survivors (3072K)
 Metaspace       used 167279K, capacity 173589K, committed 174796K, reserved 1200128K
  class space    used 19915K, capacity 22170K, committed 23244K, reserved 1048576K
GC Heap History (20 events):
Event: 5327,690 GC heap before
{Heap before GC invocations=220 (full 0):
 garbage-first heap   total 380928K, used 252755K [0x0000000080000000, 0x0000000100000000)
  region size 1024K, 104 young (106496K), 8 survivors (8192K)
 Metaspace       used 154721K, capacity 160262K, committed 174796K, reserved 1200128K
  class space    used 18282K, capacity 20240K, committed 23244K, reserved 1048576K
}
Event: 5327,749 GC heap after
{Heap after GC invocations=221 (full 0):
 garbage-first heap   total 380928K, used 166617K [0x0000000080000000, 0x0000000100000000)
  region size 1024K, 12 young (12288K), 12 survivors (12288K)
 Metaspace       used 154721K, capacity 160262K, committed 174796K, reserved 1200128K
  class space    used 18282K, capacity 20240K, committed 23244K, reserved 1048576K
}
Event: 5327,801 GC heap before
{Heap before GC invocations=221 (full 0):
 garbage-first heap   total 380928K, used 171737K [0x0000000080000000, 0x0000000100000000)
  region size 1024K, 18 young (18432K), 12 survivors (12288K)
 Metaspace       used 154722K, capacity 160262K, committed 174796K, reserved 1200128K
  class space    used 18282K, capacity 20240K, committed 23244K, reserved 1048576K
}
Event: 5327,889 GC heap after
{Heap after GC invocations=222 (full 0):
 garbage-first heap   total 380928K, used 163061K [0x0000000080000000, 0x0000000100000000)
  region size 1024K, 3 young (3072K), 3 survivors (3072K)
 Metaspace       used 154722K, capacity 160262K, committed 174796K, reserved 1200128K
  class space    used 18282K, capacity 20240K, committed 23244K, reserved 1048576K
}
Event: 5328,605 GC heap before
{Heap before GC invocations=222 (full 0):
 garbage-first heap   total 380928K, used 250101K [0x0000000080000000, 0x0000000100000000)
  region size 1024K, 90 young (92160K), 3 survivors (3072K)
 Metaspace       used 155442K, capacity 161029K, committed 174796K, reserved 1200128K
  class space    used 18356K, capacity 20345K, committed 23244K, reserved 1048576K
}
Event: 5328,642 GC heap after
{Heap after GC invocations=223 (full 0):
 garbage-first heap   total 380928K, used 169042K [0x0000000080000000, 0x0000000100000000)
  region size 1024K, 9 young (9216K), 9 survivors (9216K)
 Metaspace       used 155442K, capacity 161029K, committed 174796K, reserved 1200128K
  class space    used 18356K, capacity 20345K, committed 23244K, reserved 1048576K
}
Event: 5331,115 GC heap before
{Heap before GC invocations=224 (full 0):
 garbage-first heap   total 380928K, used 290898K [0x0000000080000000, 0x0000000100000000)
  region size 1024K, 126 young (129024K), 9 survivors (9216K)
 Metaspace       used 164779K, capacity 170821K, committed 174796K, reserved 1200128K
  class space    used 19514K, capacity 21675K, committed 23244K, reserved 1048576K
}
Event: 5331,495 GC heap after
{Heap after GC invocations=225 (full 0):
 garbage-first heap   total 380928K, used 182555K [0x0000000080000000, 0x0000000100000000)
  region size 1024K, 16 young (16384K), 16 survivors (16384K)
 Metaspace       used 164779K, capacity 170821K, committed 174796K, reserved 1200128K
  class space    used 19514K, capacity 21675K, committed 23244K, reserved 1048576K
}
Event: 5331,597 GC heap before
{Heap before GC invocations=225 (full 0):
 garbage-first heap   total 380928K, used 184603K [0x0000000080000000, 0x0000000100000000)
  region size 1024K, 18 young (18432K), 16 survivors (16384K)
 Metaspace       used 165043K, capacity 171101K, committed 174796K, reserved 1200128K
  class space    used 19548K, capacity 21683K, committed 23244K, reserved 1048576K
}
Event: 5331,872 GC heap after
{Heap after GC invocations=226 (full 0):
 garbage-first heap   total 380928K, used 172197K [0x0000000080000000, 0x0000000100000000)
  region size 1024K, 2 young (2048K), 2 survivors (2048K)
 Metaspace       used 165043K, capacity 171101K, committed 174796K, reserved 1200128K
  class space    used 19548K, capacity 21683K, committed 23244K, reserved 1048576K
}
Event: 5332,325 GC heap before
{Heap before GC invocations=226 (full 0):
 garbage-first heap   total 380928K, used 188581K [0x0000000080000000, 0x0000000100000000)
  region size 1024K, 18 young (18432K), 2 survivors (2048K)
 Metaspace       used 166980K, capacity 173276K, committed 174796K, reserved 1200128K
  class space    used 19888K, capacity 22109K, committed 23244K, reserved 1048576K
}
Event: 5332,357 GC heap after
{Heap after GC invocations=227 (full 0):
 garbage-first heap   total 380928K, used 169969K [0x0000000080000000, 0x0000000100000000)
  region size 1024K, 1 young (1024K), 1 survivors (1024K)
 Metaspace       used 166980K, capacity 173276K, committed 174796K, reserved 1200128K
  class space    used 19888K, capacity 22109K, committed 23244K, reserved 1048576K
}
Event: 5333,403 GC heap before
{Heap before GC invocations=227 (full 0):
 garbage-first heap   total 380928K, used 229361K [0x0000000080000000, 0x0000000100000000)
  region size 1024K, 61 young (62464K), 1 survivors (1024K)
 Metaspace       used 167214K, capacity 173524K, committed 174796K, reserved 1200128K
  class space    used 19914K, capacity 22170K, committed 23244K, reserved 1048576K
}
Event: 5333,418 GC heap after
{Heap after GC invocations=228 (full 0):
 garbage-first heap   total 380928K, used 173122K [0x0000000080000000, 0x0000000100000000)
  region size 1024K, 5 young (5120K), 5 survivors (5120K)
 Metaspace       used 167214K, capacity 173524K, committed 174796K, reserved 1200128K
  class space    used 19914K, capacity 22170K, committed 23244K, reserved 1048576K
}
Event: 5595,704 GC heap before
{Heap before GC invocations=229 (full 0):
 garbage-first heap   total 380928K, used 309314K [0x0000000080000000, 0x0000000100000000)
  region size 1024K, 114 young (116736K), 5 survivors (5120K)
 Metaspace       used 167277K, capacity 173589K, committed 174796K, reserved 1200128K
  class space    used 19915K, capacity 22170K, committed 23244K, reserved 1048576K
}
Event: 5595,877 GC heap after
{Heap after GC invocations=230 (full 0):
 garbage-first heap   total 380928K, used 178819K [0x0000000080000000, 0x0000000100000000)
  region size 1024K, 10 young (10240K), 10 survivors (10240K)
 Metaspace       used 167277K, capacity 173589K, committed 174796K, reserved 1200128K
  class space    used 19915K, capacity 22170K, committed 23244K, reserved 1048576K
}
Event: 5596,031 GC heap before
{Heap before GC invocations=230 (full 0):
 garbage-first heap   total 380928K, used 185987K [0x0000000080000000, 0x0000000100000000)
  region size 1024K, 18 young (18432K), 10 survivors (10240K)
 Metaspace       used 167278K, capacity 173589K, committed 174796K, reserved 1200128K
  class space    used 19915K, capacity 22170K, committed 23244K, reserved 1048576K
}
Event: 5596,299 GC heap after
{Heap after GC invocations=231 (full 0):
 garbage-first heap   total 380928K, used 162768K [0x0000000080000000, 0x0000000100000000)
  region size 1024K, 2 young (2048K), 2 survivors (2048K)
 Metaspace       used 167278K, capacity 173589K, committed 174796K, reserved 1200128K
  class space    used 19915K, capacity 22170K, committed 23244K, reserved 1048576K
}
Event: 5603,162 GC heap before
{Heap before GC invocations=231 (full 0):
 garbage-first heap   total 380928K, used 205776K [0x0000000080000000, 0x0000000100000000)
  region size 1024K, 46 young (47104K), 2 survivors (2048K)
 Metaspace       used 167279K, capacity 173589K, committed 174796K, reserved 1200128K
  class space    used 19915K, capacity 22170K, committed 23244K, reserved 1048576K
}
Event: 5603,198 GC heap after
{Heap after GC invocations=232 (full 0):
 garbage-first heap   total 380928K, used 163932K [0x0000000080000000, 0x0000000100000000)
  region size 1024K, 3 young (3072K), 3 survivors (3072K)
 Metaspace       used 167279K, capacity 173589K, committed 174796K, reserved 1200128K
  class space    used 19915K, capacity 22170K, committed 23244K, reserved 1048576K
}

