# JRE version: OpenJDK Runtime Environment (11.0.10) (build 11.0.10+0-b96-7249189)
# Java VM: OpenJDK 64-Bit Server VM (11.0.10+0-b96-7249189, mixed mode, tiered, compressed oops, g1 gc, linux-amd64)
Heap:
 garbage-first heap   total 335872K, used 189610K [0x0000000080000000, 0x0000000100000000)
  region size 1024K, 24 young (24576K), 5 survivors (5120K)
 Metaspace       used 151797K, capacity 156070K, committed 167448K, reserved 1193984K
  class space    used 18661K, capacity 20298K, committed 23168K, reserved 1048576K
GC Heap History (20 events):
Event: 2674,885 GC heap before
{Heap before GC invocations=82 (full 0):
 garbage-first heap   total 335872K, used 177421K [0x0000000080000000, 0x0000000100000000)
  region size 1024K, 25 young (25600K), 2 survivors (2048K)
 Metaspace       used 140501K, capacity 144089K, committed 167448K, reserved 1193984K
  class space    used 17178K, capacity 18495K, committed 23168K, reserved 1048576K
}
Event: 2674,900 GC heap after
{Heap after GC invocations=83 (full 0):
 garbage-first heap   total 335872K, used 158781K [0x0000000080000000, 0x0000000100000000)
  region size 1024K, 6 young (6144K), 6 survivors (6144K)
 Metaspace       used 140501K, capacity 144089K, committed 167448K, reserved 1193984K
  class space    used 17178K, capacity 18495K, committed 23168K, reserved 1048576K
}
Event: 2676,091 GC heap before
{Heap before GC invocations=84 (full 0):
 garbage-first heap   total 335872K, used 229437K [0x0000000080000000, 0x0000000100000000)
  region size 1024K, 72 young (73728K), 6 survivors (6144K)
 Metaspace       used 147144K, capacity 150960K, committed 167448K, reserved 1193984K
  class space    used 17995K, capacity 19398K, committed 23168K, reserved 1048576K
}
Event: 2676,104 GC heap after
{Heap after GC invocations=85 (full 0):
 garbage-first heap   total 335872K, used 164008K [0x0000000080000000, 0x0000000100000000)
  region size 1024K, 9 young (9216K), 9 survivors (9216K)
 Metaspace       used 147144K, capacity 150960K, committed 167448K, reserved 1193984K
  class space    used 17995K, capacity 19398K, committed 23168K, reserved 1048576K
}
Event: 2676,171 GC heap before
{Heap before GC invocations=85 (full 0):
 garbage-first heap   total 335872K, used 171176K [0x0000000080000000, 0x0000000100000000)
  region size 1024K, 16 young (16384K), 9 survivors (9216K)
 Metaspace       used 147144K, capacity 150960K, committed 167448K, reserved 1193984K
  class space    used 17995K, capacity 19398K, committed 23168K, reserved 1048576K
}
Event: 2676,194 GC heap after
{Heap after GC invocations=86 (full 0):
 garbage-first heap   total 335872K, used 161520K [0x0000000080000000, 0x0000000100000000)
  region size 1024K, 1 young (1024K), 1 survivors (1024K)
 Metaspace       used 147144K, capacity 150960K, committed 167448K, reserved 1193984K
  class space    used 17995K, capacity 19398K, committed 23168K, reserved 1048576K
}
Event: 2679,838 GC heap before
{Heap before GC invocations=86 (full 0):
 garbage-first heap   total 335872K, used 190192K [0x0000000080000000, 0x0000000100000000)
  region size 1024K, 31 young (31744K), 1 survivors (1024K)
 Metaspace       used 147205K, capacity 151026K, committed 167448K, reserved 1193984K
  class space    used 17995K, capacity 19398K, committed 23168K, reserved 1048576K
}
Event: 2679,848 GC heap after
{Heap after GC invocations=87 (full 0):
 garbage-first heap   total 335872K, used 163961K [0x0000000080000000, 0x0000000100000000)
  region size 1024K, 4 young (4096K), 4 survivors (4096K)
 Metaspace       used 147205K, capacity 151026K, committed 167448K, reserved 1193984K
  class space    used 17995K, capacity 19398K, committed 23168K, reserved 1048576K
}
Event: 2680,614 GC heap before
{Heap before GC invocations=88 (full 0):
 garbage-first heap   total 335872K, used 244857K [0x0000000080000000, 0x0000000100000000)
  region size 1024K, 80 young (81920K), 4 survivors (4096K)
 Metaspace       used 139627K, capacity 143151K, committed 167448K, reserved 1193984K
  class space    used 17095K, capacity 18432K, committed 23168K, reserved 1048576K
}
Event: 2680,643 GC heap after
{Heap after GC invocations=89 (full 0):
 garbage-first heap   total 335872K, used 174249K [0x0000000080000000, 0x0000000100000000)
  region size 1024K, 10 young (10240K), 10 survivors (10240K)
 Metaspace       used 139627K, capacity 143151K, committed 167448K, reserved 1193984K
  class space    used 17095K, capacity 18432K, committed 23168K, reserved 1048576K
}
Event: 2680,833 GC heap before
{Heap before GC invocations=89 (full 0):
 garbage-first heap   total 335872K, used 180393K [0x0000000080000000, 0x0000000100000000)
  region size 1024K, 16 young (16384K), 10 survivors (10240K)
 Metaspace       used 139627K, capacity 143151K, committed 167448K, reserved 1193984K
  class space    used 17095K, capacity 18432K, committed 23168K, reserved 1048576K
}
Event: 2680,862 GC heap after
{Heap after GC invocations=90 (full 0):
 garbage-first heap   total 335872K, used 154088K [0x0000000080000000, 0x0000000100000000)
  region size 1024K, 2 young (2048K), 2 survivors (2048K)
 Metaspace       used 139627K, capacity 143151K, committed 167448K, reserved 1193984K
  class space    used 17095K, capacity 18432K, committed 23168K, reserved 1048576K
}
Event: 2681,564 GC heap before
{Heap before GC invocations=90 (full 0):
 garbage-first heap   total 335872K, used 184808K [0x0000000080000000, 0x0000000100000000)
  region size 1024K, 34 young (34816K), 2 survivors (2048K)
 Metaspace       used 141119K, capacity 144702K, committed 167448K, reserved 1193984K
  class space    used 17321K, capacity 18672K, committed 23168K, reserved 1048576K
}
Event: 2681,591 GC heap after
{Heap after GC invocations=91 (full 0):
 garbage-first heap   total 335872K, used 160104K [0x0000000080000000, 0x0000000100000000)
  region size 1024K, 8 young (8192K), 8 survivors (8192K)
 Metaspace       used 141119K, capacity 144702K, committed 167448K, reserved 1193984K
  class space    used 17321K, capacity 18672K, committed 23168K, reserved 1048576K
}
Event: 2683,366 GC heap before
{Heap before GC invocations=92 (full 0):
 garbage-first heap   total 335872K, used 243048K [0x0000000080000000, 0x0000000100000000)
  region size 1024K, 88 young (90112K), 8 survivors (8192K)
 Metaspace       used 149039K, capacity 153069K, committed 167448K, reserved 1193984K
  class space    used 18251K, capacity 19760K, committed 23168K, reserved 1048576K
}
Event: 2683,401 GC heap after
{Heap after GC invocations=93 (full 0):
 garbage-first heap   total 335872K, used 164719K [0x0000000080000000, 0x0000000100000000)
  region size 1024K, 5 young (5120K), 5 survivors (5120K)
 Metaspace       used 149039K, capacity 153069K, committed 167448K, reserved 1193984K
  class space    used 18251K, capacity 19760K, committed 23168K, reserved 1048576K
}
Event: 2683,816 GC heap before
{Heap before GC invocations=93 (full 0):
 garbage-first heap   total 335872K, used 174959K [0x0000000080000000, 0x0000000100000000)
  region size 1024K, 16 young (16384K), 5 survivors (5120K)
 Metaspace       used 150176K, capacity 154291K, committed 167448K, reserved 1193984K
  class space    used 18414K, capacity 19951K, committed 23168K, reserved 1048576K
}
Event: 2683,845 GC heap after
{Heap after GC invocations=94 (full 0):
 garbage-first heap   total 335872K, used 165777K [0x0000000080000000, 0x0000000100000000)
  region size 1024K, 1 young (1024K), 1 survivors (1024K)
 Metaspace       used 150176K, capacity 154291K, committed 167448K, reserved 1193984K
  class space    used 18414K, capacity 19951K, committed 23168K, reserved 1048576K
}
Event: 2684,927 GC heap before
{Heap before GC invocations=94 (full 0):
 garbage-first heap   total 335872K, used 234385K [0x0000000080000000, 0x0000000100000000)
  region size 1024K, 69 young (70656K), 1 survivors (1024K)
 Metaspace       used 151724K, capacity 155988K, committed 167448K, reserved 1193984K
  class space    used 18654K, capacity 20258K, committed 23168K, reserved 1048576K
}
Event: 2684,984 GC heap after
{Heap after GC invocations=95 (full 0):
 garbage-first heap   total 335872K, used 169130K [0x0000000080000000, 0x0000000100000000)
  region size 1024K, 5 young (5120K), 5 survivors (5120K)
 Metaspace       used 151724K, capacity 155988K, committed 167448K, reserved 1193984K
  class space    used 18654K, capacity 20258K, committed 23168K, reserved 1048576K
}

