# JRE version: OpenJDK Runtime Environment (11.0.10) (build 11.0.10+0-b96-7249189)
# Java VM: OpenJDK 64-Bit Server VM (11.0.10+0-b96-7249189, mixed mode, tiered, compressed oops, g1 gc, linux-amd64)
Heap:
 garbage-first heap   total 411648K, used 184869K [0x0000000080000000, 0x0000000100000000)
  region size 1024K, 13 young (13312K), 3 survivors (3072K)
 Metaspace       used 147358K, capacity 151537K, committed 160236K, reserved 1189888K
  class space    used 18011K, capacity 19567K, committed 20836K, reserved 1048576K
GC Heap History (20 events):
Event: 270,702 GC heap before
{Heap before GC invocations=43 (full 0):
 garbage-first heap   total 411648K, used 328142K [0x0000000080000000, 0x0000000100000000)
  region size 1024K, 150 young (153600K), 21 survivors (21504K)
 Metaspace       used 154611K, capacity 159186K, committed 159468K, reserved 1187840K
  class space    used 19015K, capacity 20722K, committed 20836K, reserved 1048576K
}
Event: 271,141 GC heap after
{Heap after GC invocations=44 (full 0):
 garbage-first heap   total 411648K, used 200452K [0x0000000080000000, 0x0000000100000000)
  region size 1024K, 14 young (14336K), 14 survivors (14336K)
 Metaspace       used 154611K, capacity 159186K, committed 159468K, reserved 1187840K
  class space    used 19015K, capacity 20722K, committed 20836K, reserved 1048576K
}
Event: 271,784 GC heap before
{Heap before GC invocations=44 (full 0):
 garbage-first heap   total 411648K, used 222980K [0x0000000080000000, 0x0000000100000000)
  region size 1024K, 38 young (38912K), 14 survivors (14336K)
 Metaspace       used 154635K, capacity 159204K, committed 159468K, reserved 1187840K
  class space    used 19019K, capacity 20728K, committed 20836K, reserved 1048576K
}
Event: 272,003 GC heap after
{Heap after GC invocations=45 (full 0):
 garbage-first heap   total 411648K, used 199168K [0x0000000080000000, 0x0000000100000000)
  region size 1024K, 3 young (3072K), 3 survivors (3072K)
 Metaspace       used 154635K, capacity 159204K, committed 159468K, reserved 1187840K
  class space    used 19019K, capacity 20728K, committed 20836K, reserved 1048576K
}
Event: 281,546 GC heap before
{Heap before GC invocations=46 (full 0):
 garbage-first heap   total 411648K, used 280064K [0x0000000080000000, 0x0000000100000000)
  region size 1024K, 84 young (86016K), 3 survivors (3072K)
 Metaspace       used 146621K, capacity 150716K, committed 160236K, reserved 1189888K
  class space    used 17941K, capacity 19450K, committed 20836K, reserved 1048576K
}
Event: 281,622 GC heap after
{Heap after GC invocations=47 (full 0):
 garbage-first heap   total 411648K, used 193083K [0x0000000080000000, 0x0000000100000000)
  region size 1024K, 4 young (4096K), 4 survivors (4096K)
 Metaspace       used 146621K, capacity 150716K, committed 160236K, reserved 1189888K
  class space    used 17941K, capacity 19450K, committed 20836K, reserved 1048576K
}
Event: 282,109 GC heap before
{Heap before GC invocations=47 (full 0):
 garbage-first heap   total 411648K, used 209467K [0x0000000080000000, 0x0000000100000000)
  region size 1024K, 20 young (20480K), 4 survivors (4096K)
 Metaspace       used 146653K, capacity 150722K, committed 160236K, reserved 1189888K
  class space    used 17941K, capacity 19450K, committed 20836K, reserved 1048576K
}
Event: 282,189 GC heap after
{Heap after GC invocations=48 (full 0):
 garbage-first heap   total 411648K, used 177119K [0x0000000080000000, 0x0000000100000000)
  region size 1024K, 1 young (1024K), 1 survivors (1024K)
 Metaspace       used 146653K, capacity 150722K, committed 160236K, reserved 1189888K
  class space    used 17941K, capacity 19450K, committed 20836K, reserved 1048576K
}
Event: 802,191 GC heap before
{Heap before GC invocations=48 (full 0):
 garbage-first heap   total 411648K, used 195551K [0x0000000080000000, 0x0000000100000000)
  region size 1024K, 20 young (20480K), 1 survivors (1024K)
 Metaspace       used 146995K, capacity 151193K, committed 160236K, reserved 1189888K
  class space    used 17994K, capacity 19540K, committed 20836K, reserved 1048576K
}
Event: 802,555 GC heap after
{Heap after GC invocations=49 (full 0):
 garbage-first heap   total 411648K, used 154307K [0x0000000080000000, 0x0000000100000000)
  region size 1024K, 2 young (2048K), 2 survivors (2048K)
 Metaspace       used 146995K, capacity 151193K, committed 160236K, reserved 1189888K
  class space    used 17994K, capacity 19540K, committed 20836K, reserved 1048576K
}
Event: 803,876 GC heap before
{Heap before GC invocations=49 (full 0):
 garbage-first heap   total 411648K, used 171715K [0x0000000080000000, 0x0000000100000000)
  region size 1024K, 20 young (20480K), 2 survivors (2048K)
 Metaspace       used 147011K, capacity 151199K, committed 160236K, reserved 1189888K
  class space    used 17994K, capacity 19541K, committed 20836K, reserved 1048576K
}
Event: 803,974 GC heap after
{Heap after GC invocations=50 (full 0):
 garbage-first heap   total 411648K, used 150023K [0x0000000080000000, 0x0000000100000000)
  region size 1024K, 3 young (3072K), 3 survivors (3072K)
 Metaspace       used 147011K, capacity 151199K, committed 160236K, reserved 1189888K
  class space    used 17994K, capacity 19541K, committed 20836K, reserved 1048576K
}
Event: 806,684 GC heap before
{Heap before GC invocations=50 (full 0):
 garbage-first heap   total 411648K, used 225799K [0x0000000080000000, 0x0000000100000000)
  region size 1024K, 75 young (76800K), 3 survivors (3072K)
 Metaspace       used 147292K, capacity 151450K, committed 160236K, reserved 1189888K
  class space    used 18007K, capacity 19562K, committed 20836K, reserved 1048576K
}
Event: 806,867 GC heap after
{Heap after GC invocations=51 (full 0):
 garbage-first heap   total 411648K, used 168843K [0x0000000080000000, 0x0000000100000000)
  region size 1024K, 10 young (10240K), 10 survivors (10240K)
 Metaspace       used 147292K, capacity 151450K, committed 160236K, reserved 1189888K
  class space    used 18007K, capacity 19562K, committed 20836K, reserved 1048576K
}
Event: 807,046 GC heap before
{Heap before GC invocations=51 (full 0):
 garbage-first heap   total 411648K, used 182155K [0x0000000080000000, 0x0000000100000000)
  region size 1024K, 25 young (25600K), 10 survivors (10240K)
 Metaspace       used 147294K, capacity 151450K, committed 160236K, reserved 1189888K
  class space    used 18007K, capacity 19562K, committed 20836K, reserved 1048576K
}
Event: 807,187 GC heap after
{Heap after GC invocations=52 (full 0):
 garbage-first heap   total 411648K, used 174366K [0x0000000080000000, 0x0000000100000000)
  region size 1024K, 5 young (5120K), 5 survivors (5120K)
 Metaspace       used 147294K, capacity 151450K, committed 160236K, reserved 1189888K
  class space    used 18007K, capacity 19562K, committed 20836K, reserved 1048576K
}
Event: 807,477 GC heap before
{Heap before GC invocations=52 (full 0):
 garbage-first heap   total 411648K, used 205086K [0x0000000080000000, 0x0000000100000000)
  region size 1024K, 33 young (33792K), 5 survivors (5120K)
 Metaspace       used 147300K, capacity 151450K, committed 160236K, reserved 1189888K
  class space    used 18007K, capacity 19562K, committed 20836K, reserved 1048576K
}
Event: 807,521 GC heap after
{Heap after GC invocations=53 (full 0):
 garbage-first heap   total 411648K, used 174951K [0x0000000080000000, 0x0000000100000000)
  region size 1024K, 1 young (1024K), 1 survivors (1024K)
 Metaspace       used 147300K, capacity 151450K, committed 160236K, reserved 1189888K
  class space    used 18007K, capacity 19562K, committed 20836K, reserved 1048576K
}
Event: 808,581 GC heap before
{Heap before GC invocations=53 (full 0):
 garbage-first heap   total 411648K, used 230247K [0x0000000080000000, 0x0000000100000000)
  region size 1024K, 41 young (41984K), 1 survivors (1024K)
 Metaspace       used 147345K, capacity 151532K, committed 160236K, reserved 1189888K
  class space    used 18010K, capacity 19566K, committed 20836K, reserved 1048576K
}
Event: 808,631 GC heap after
{Heap after GC invocations=54 (full 0):
 garbage-first heap   total 411648K, used 176677K [0x0000000080000000, 0x0000000100000000)
  region size 1024K, 3 young (3072K), 3 survivors (3072K)
 Metaspace       used 147345K, capacity 151532K, committed 160236K, reserved 1189888K
  class space    used 18010K, capacity 19566K, committed 20836K, reserved 1048576K
}

